[2025-09-13 08:18:26.950] [DEBUG] [NotificationOverlay] Component completed
[2025-09-13 08:18:26.950] [DEBUG] [NotificationOverlay] notificationManagerInstance: null
[2025-09-13 08:18:26.950] [DEBUG] [NotificationOverlay] Parent: QQuickLoader(0x5570391b52e0)
[2025-09-13 08:18:26.950] [DEBUG] [NotificationOverlay] Visible: true
[2025-09-13 08:18:26.950] [DEBUG] [NotificationOverlay] Z: 9999
[2025-09-13 08:18:26.950] [DEBUG] [NotificationOverlay] No notificationManagerInstance, waiting...
[2025-09-13 08:18:26.950] [DEBUG] NotificationOverlay configured successfully
[2025-09-13 08:18:26.951] [DEBUG] [NotificationOverlay] Connection attempt 1 of 20
[2025-09-13 08:18:26.951] [DEBUG] [NotificationOverlay] Found notificationManagerInstance on attempt 1
[2025-09-13 08:18:26.951] [DEBUG] [NotificationOverlay] Connecting to notification manager...
[2025-09-13 08:18:26.951] [DEBUG] [NotificationOverlay] Manager object: NotificationManager(0x55702009db40)
[2025-09-13 08:18:26.951] [DEBUG] [NotificationOverlay] Successfully connected all signals
[2025-09-13 08:18:26.989] [DEBUG] [WlanMonitor] Internet connection restored
[2025-09-13 08:18:26.989] [DEBUG] [NotificationManager] Creating notification: "e1a8b262-209b-410e-87f0-182b8c6d5591" Title: "Internet" Level: 1 Active count: 1 Queue size: 0
[2025-09-13 08:18:26.989] [DEBUG] [NotificationManager] Showing notification immediately: "e1a8b262-209b-410e-87f0-182b8c6d5591" Active count: 2
[2025-09-13 08:18:26.989] [DEBUG] [NotificationOverlay] *** handleNotificationAdded called ***
[2025-09-13 08:18:26.989] [DEBUG] [NotificationOverlay] Title: Internet
[2025-09-13 08:18:26.989] [DEBUG] [NotificationOverlay] Message: Connection restored successfully
[2025-09-13 08:18:26.991] [DEBUG] [NotificationOverlay] Delegate created for index: 0 x: 2160 y: 24 targetX: 2160 targetY: 24
[2025-09-13 08:18:26.991] [DEBUG] [NotificationOverlay] Model count after append: 1
[2025-09-13 08:18:26.991] [DEBUG] [NotificationOverlay] Animating notification at index: 0
[2025-09-13 08:18:26.991] [DEBUG] [NotificationOverlay] Animating in notification at index: 0
[2025-09-13 08:18:26.991] [DEBUG] [NotificationOverlay] Item properties - x: 2160 y: 24 width: 380 height: 96
[2025-09-13 08:18:26.991] [DEBUG] [NotificationOverlay] Calculating Y position for index: 0 position: topRight
[2025-09-13 08:18:26.991] [DEBUG] [NotificationOverlay] Top position - baseY: 24 calculatedY: 24 index: 0
[2025-09-13 08:18:26.991] [DEBUG] [NotificationOverlay] Target position - x: 2160 y: 24
[2025-09-13 08:18:26.991] [DEBUG] [NotificationOverlay] Starting entrance animation for index: 0
[2025-09-13 08:18:26.991] [DEBUG] [NotificationOverlay] Setting up timer for e1a8b262-209b-410e-87f0-182b8c6d5591 duration: 4000
[2025-09-13 08:18:26.991] [WARNING] [NotificationOverlay] Timer component not ready for e1a8b262-209b-410e-87f0-182b8c6d5591
[2025-09-13 08:18:26.991] [DEBUG] [NotificationOverlay] Using fallback timer method for e1a8b262-209b-410e-87f0-182b8c6d5591
[2025-09-13 08:18:26.992] [DEBUG] [NotificationOverlay] Fallback timer created for e1a8b262-209b-410e-87f0-182b8c6d5591
[2025-09-13 08:18:29.090] [DEBUG] [InstalledAsyncBase] Performing status update for 1 items
[2025-09-13 08:18:30.699] [DEBUG] [InstalledAsyncBase] Applied status updates to UI for 1 items
[2025-09-13 08:18:30.699] [DEBUG] [NotificationManager] Creating notification: "a2dac309-1853-46fb-84f0-d07f14d06ccc" Title: "Service Status" Level: 1 Active count: 2 Queue size: 0
[2025-09-13 08:18:30.699] [DEBUG] [NotificationManager] Showing notification immediately: "a2dac309-1853-46fb-84f0-d07f14d06ccc" Active count: 3
[2025-09-13 08:18:30.700] [DEBUG] [NotificationOverlay] *** handleNotificationAdded called ***
[2025-09-13 08:18:30.700] [DEBUG] [NotificationOverlay] Title: Service Status
[2025-09-13 08:18:30.700] [DEBUG] [NotificationOverlay] Message: Vehical App/Service page reloaded successfully
[2025-09-13 08:18:30.701] [DEBUG] [NotificationOverlay] Delegate created for index: 1 x: 2160 y: 132 targetX: 2160 targetY: 132
[2025-09-13 08:18:30.701] [DEBUG] [NotificationOverlay] Model count after append: 2
[2025-09-13 08:18:30.701] [DEBUG] [NotificationOverlay] Animating notification at index: 1
[2025-09-13 08:18:30.701] [DEBUG] [NotificationOverlay] Animating in notification at index: 1
[2025-09-13 08:18:30.701] [DEBUG] [NotificationOverlay] Item properties - x: 2160 y: 132 width: 380 height: 96
[2025-09-13 08:18:30.701] [DEBUG] [NotificationOverlay] Calculating Y position for index: 1 position: topRight
[2025-09-13 08:18:30.701] [DEBUG] [NotificationOverlay] Top position - baseY: 24 calculatedY: 132 index: 1
[2025-09-13 08:18:30.701] [DEBUG] [NotificationOverlay] Target position - x: 2160 y: 132
[2025-09-13 08:18:30.701] [DEBUG] [NotificationOverlay] Starting entrance animation for index: 1
[2025-09-13 08:18:30.701] [DEBUG] [NotificationOverlay] Setting up timer for a2dac309-1853-46fb-84f0-d07f14d06ccc duration: 4000
[2025-09-13 08:18:30.701] [WARNING] [NotificationOverlay] Timer component not ready for a2dac309-1853-46fb-84f0-d07f14d06ccc
[2025-09-13 08:18:30.701] [DEBUG] [NotificationOverlay] Using fallback timer method for a2dac309-1853-46fb-84f0-d07f14d06ccc
[2025-09-13 08:18:30.702] [DEBUG] [NotificationOverlay] Fallback timer created for a2dac309-1853-46fb-84f0-d07f14d06ccc
[2025-09-13 08:18:31.018] [DEBUG] [NotificationOverlay] Fallback timer triggered for e1a8b262-209b-410e-87f0-182b8c6d5591
[2025-09-13 08:18:31.018] [DEBUG] [NotificationOverlay] Cleaning up timer for e1a8b262-209b-410e-87f0-182b8c6d5591
[2025-09-13 08:18:31.018] [DEBUG] [NotificationOverlay] Internal dismissal for ID: e1a8b262-209b-410e-87f0-182b8c6d5591
[2025-09-13 08:18:31.018] [DEBUG] [NotificationOverlay] Found notification to dismiss at index: 0
[2025-09-13 08:18:31.018] [DEBUG] [NotificationOverlay] Animating out notification at index: 0
[2025-09-13 08:18:31.305] [DEBUG] [NotificationOverlay] Exit animation finished for index: 0
[2025-09-13 08:18:31.662] [DEBUG] [InstalledAsyncBase] VSS model monitoring timer started after 5s delay
[2025-09-13 08:18:34.714] [DEBUG] [NotificationOverlay] Fallback timer triggered for a2dac309-1853-46fb-84f0-d07f14d06ccc
[2025-09-13 08:18:34.714] [DEBUG] [NotificationOverlay] Cleaning up timer for a2dac309-1853-46fb-84f0-d07f14d06ccc
[2025-09-13 08:18:34.714] [DEBUG] [NotificationOverlay] Internal dismissal for ID: a2dac309-1853-46fb-84f0-d07f14d06ccc
[2025-09-13 08:18:34.714] [DEBUG] [NotificationOverlay] Found notification to dismiss at index: 0
[2025-09-13 08:18:34.715] [DEBUG] [NotificationOverlay] Animating out notification at index: 0
[2025-09-13 08:18:35.002] [DEBUG] [NotificationOverlay] Exit animation finished for index: 0
[2025-09-13 08:18:56.661] [DEBUG] [JobManager] Executing command: "kubectl get node vip --no-headers 2>/dev/null"
[2025-09-13 08:18:56.741] [DEBUG] [JobManager] Command result - Success: true Exit code: 0 Output size: 46 chars
[2025-09-13 08:18:56.741] [DEBUG] [JobManager] Node "vip" ready: false
[2025-09-13 08:18:56.741] [DEBUG] [InstalledAsyncBase] Node status changed: true -> false
[2025-09-13 08:18:56.742] [DEBUG] [NotificationManager] Creating notification: "0f9543a8-0497-45ab-b515-63329dbb4c88" Title: "ZonalECU" Level: 2 Active count: 3 Queue size: 0
[2025-09-13 08:18:56.742] [DEBUG] [NotificationManager] Showing notification immediately: "0f9543a8-0497-45ab-b515-63329dbb4c88" Active count: 4
[2025-09-13 08:18:56.742] [DEBUG] [NotificationOverlay] *** handleNotificationAdded called ***
[2025-09-13 08:18:56.742] [DEBUG] [NotificationOverlay] Title: ZonalECU
[2025-09-13 08:18:56.742] [DEBUG] [NotificationOverlay] Message: VIP (Vehicle Integration Platform) ~ OFFLINE
[2025-09-13 08:18:56.743] [DEBUG] [NotificationOverlay] Delegate created for index: 0 x: 2160 y: 24 targetX: 2160 targetY: 24
[2025-09-13 08:18:56.743] [DEBUG] [NotificationOverlay] Model count after append: 1
[2025-09-13 08:18:56.743] [DEBUG] [NotificationOverlay] Animating notification at index: 0
[2025-09-13 08:18:56.743] [DEBUG] [NotificationManager] Creating notification: "86d115b0-089e-49ac-a823-7d7aecec8489" Title: "ZonalECU" Level: 2 Active count: 4 Queue size: 0
[2025-09-13 08:18:56.743] [DEBUG] [NotificationManager] Showing notification immediately: "86d115b0-089e-49ac-a823-7d7aecec8489" Active count: 5
[2025-09-13 08:18:56.743] [DEBUG] [NotificationOverlay] *** handleNotificationAdded called ***
[2025-09-13 08:18:56.743] [DEBUG] [NotificationOverlay] Title: ZonalECU
[2025-09-13 08:18:56.743] [DEBUG] [NotificationOverlay] Message: VIP (Vehicle Integration Platform) ~ OFFLINE 1
[2025-09-13 08:18:56.744] [DEBUG] [NotificationOverlay] Delegate created for index: 1 x: 2160 y: 132 targetX: 2160 targetY: 132
[2025-09-13 08:18:56.744] [DEBUG] [NotificationOverlay] Model count after append: 2
[2025-09-13 08:18:56.744] [DEBUG] [NotificationOverlay] Animating notification at index: 1
[2025-09-13 08:18:56.744] [DEBUG] [NotificationManager] Creating notification: "b5daf7ad-2103-45fa-a4fd-4c0dced3d3b9" Title: "ZonalECU" Level: 2 Active count: 5 Queue size: 0
[2025-09-13 08:18:56.744] [DEBUG] [NotificationManager] Queueing notification "b5daf7ad-2103-45fa-a4fd-4c0dced3d3b9" - active count: 5
[2025-09-13 08:18:56.744] [DEBUG] [NotificationManager] Starting queue processing - queue size: 1
[2025-09-13 08:18:56.744] [DEBUG] [NotificationManager] Creating notification: "4a34c45b-88d8-43e2-9ffc-04efed589721" Title: "ZonalECU" Level: 2 Active count: 5 Queue size: 1
[2025-09-13 08:18:56.744] [DEBUG] [NotificationManager] Queueing notification "4a34c45b-88d8-43e2-9ffc-04efed589721" - active count: 5
[2025-09-13 08:18:56.744] [DEBUG] [NotificationManager] Creating notification: "508e1693-7c4b-4cab-9cf5-36a1e90538e6" Title: "ZonalECU" Level: 2 Active count: 5 Queue size: 2
[2025-09-13 08:18:56.744] [DEBUG] [NotificationManager] Queueing notification "508e1693-7c4b-4cab-9cf5-36a1e90538e6" - active count: 5
[2025-09-13 08:18:56.745] [DEBUG] [NotificationOverlay] Animating in notification at index: 0
[2025-09-13 08:18:56.745] [DEBUG] [NotificationOverlay] Item properties - x: 2160 y: 24 width: 380 height: 96
[2025-09-13 08:18:56.745] [DEBUG] [NotificationOverlay] Calculating Y position for index: 0 position: topRight
[2025-09-13 08:18:56.745] [DEBUG] [NotificationOverlay] Top position - baseY: 24 calculatedY: 24 index: 0
[2025-09-13 08:18:56.745] [DEBUG] [NotificationOverlay] Target position - x: 2160 y: 24
[2025-09-13 08:18:56.745] [DEBUG] [NotificationOverlay] Starting entrance animation for index: 0
[2025-09-13 08:18:56.745] [DEBUG] [NotificationOverlay] Setting up timer for 0f9543a8-0497-45ab-b515-63329dbb4c88 duration: 6000
[2025-09-13 08:18:56.745] [WARNING] [NotificationOverlay] Timer component not ready for 0f9543a8-0497-45ab-b515-63329dbb4c88
[2025-09-13 08:18:56.745] [DEBUG] [NotificationOverlay] Using fallback timer method for 0f9543a8-0497-45ab-b515-63329dbb4c88
[2025-09-13 08:18:56.746] [DEBUG] [NotificationOverlay] Fallback timer created for 0f9543a8-0497-45ab-b515-63329dbb4c88
[2025-09-13 08:18:56.746] [DEBUG] [NotificationOverlay] Animating in notification at index: 1
[2025-09-13 08:18:56.746] [DEBUG] [NotificationOverlay] Item properties - x: 2160 y: 132 width: 380 height: 96
[2025-09-13 08:18:56.746] [DEBUG] [NotificationOverlay] Calculating Y position for index: 1 position: topRight
[2025-09-13 08:18:56.746] [DEBUG] [NotificationOverlay] Top position - baseY: 24 calculatedY: 132 index: 1
[2025-09-13 08:18:56.746] [DEBUG] [NotificationOverlay] Target position - x: 2160 y: 132
[2025-09-13 08:18:56.746] [DEBUG] [NotificationOverlay] Starting entrance animation for index: 1
[2025-09-13 08:18:56.746] [DEBUG] [NotificationOverlay] Setting up timer for 86d115b0-089e-49ac-a823-7d7aecec8489 duration: 6000
[2025-09-13 08:18:56.747] [WARNING] [NotificationOverlay] Timer component not ready for 86d115b0-089e-49ac-a823-7d7aecec8489
[2025-09-13 08:18:56.747] [DEBUG] [NotificationOverlay] Using fallback timer method for 86d115b0-089e-49ac-a823-7d7aecec8489
[2025-09-13 08:18:56.747] [DEBUG] [NotificationOverlay] Fallback timer created for 86d115b0-089e-49ac-a823-7d7aecec8489
[2025-09-13 08:18:56.747] [DEBUG] [NotificationManager] Processed 0 notifications, remaining in queue: 3
[2025-09-13 08:18:56.796] [DEBUG] [NotificationManager] Processed 0 notifications, remaining in queue: 3
[2025-09-13 08:19:02.712] [DEBUG] [NotificationManager] Processed 0 notifications, remaining in queue: 3
[2025-09-13 08:19:02.757] [DEBUG] [NotificationOverlay] Fallback timer triggered for 86d115b0-089e-49ac-a823-7d7aecec8489
[2025-09-13 08:19:02.757] [DEBUG] [NotificationOverlay] Cleaning up timer for 86d115b0-089e-49ac-a823-7d7aecec8489
[2025-09-13 08:19:02.757] [DEBUG] [NotificationOverlay] Internal dismissal for ID: 86d115b0-089e-49ac-a823-7d7aecec8489
[2025-09-13 08:19:02.757] [DEBUG] [NotificationOverlay] Found notification to dismiss at index: 1
[2025-09-13 08:19:02.757] [DEBUG] [NotificationOverlay] Animating out notification at index: 1
[2025-09-13 08:19:02.762] [DEBUG] [NotificationManager] Processed 0 notifications, remaining in queue: 3
[2025-09-13 08:19:02.771] [DEBUG] [NotificationOverlay] Fallback timer triggered for 0f9543a8-0497-45ab-b515-63329dbb4c88
[2025-09-13 08:19:02.771] [DEBUG] [NotificationOverlay] Cleaning up timer for 0f9543a8-0497-45ab-b515-63329dbb4c88
[2025-09-13 08:19:02.771] [DEBUG] [NotificationOverlay] Internal dismissal for ID: 0f9543a8-0497-45ab-b515-63329dbb4c88
[2025-09-13 08:19:02.771] [DEBUG] [NotificationOverlay] Found notification to dismiss at index: 0
[2025-09-13 08:19:02.771] [DEBUG] [NotificationOverlay] Animating out notification at index: 0
[2025-09-13 08:19:02.812] [DEBUG] [NotificationManager] Processed 0 notifications, remaining in queue: 3
[2025-09-13 08:19:02.861] [DEBUG] [NotificationManager] Processed 0 notifications, remaining in queue: 3
[2025-09-13 08:19:02.912] [DEBUG] [NotificationManager] Processed 0 notifications, remaining in queue: 3
[2025-09-13 08:19:02.961] [DEBUG] [NotificationManager] Processed 0 notifications, remaining in queue: 3
[2025-09-13 08:19:03.012] [DEBUG] [NotificationManager] Processed 0 notifications, remaining in queue: 3
[2025-09-13 08:19:03.043] [DEBUG] [NotificationOverlay] Exit animation finished for index: 0
[2025-09-13 08:19:03.062] [DEBUG] [NotificationManager] Processed 0 notifications, remaining in queue: 3
[2025-09-13 08:19:13.879] [DEBUG] [NotificationOverlay] Notification hover entered
[2025-09-13 08:19:13.912] [DEBUG] [NotificationManager] Processed 0 notifications, remaining in queue: 3
[2025-09-13 08:19:13.961] [DEBUG] [NotificationManager] Processed 0 notifications, remaining in queue: 3
[2025-09-13 08:19:14.014] [DEBUG] [NotificationManager] Processed 0 notifications, remaining in queue: 3
[2025-09-13 08:19:14.061] [DEBUG] [NotificationManager] Processed 0 notifications, remaining in queue: 3
[2025-09-13 08:19:14.111] [DEBUG] [NotificationManager] Processed 0 notifications, remaining in queue: 3
[2025-09-13 08:19:14.163] [DEBUG] [NotificationManager] Processed 0 notifications, remaining in queue: 3
[2025-09-13 08:19:14.212] [DEBUG] [NotificationManager] Processed 0 notifications, remaining in queue: 3
[2025-09-13 08:19:14.261] [DEBUG] [NotificationManager] Processed 0 notifications, remaining in queue: 3
[2025-09-13 08:19:14.312] [DEBUG] [NotificationManager] Processed 0 notifications, remaining in queue: 3
[2025-09-13 08:19:14.362] [DEBUG] [NotificationManager] Processed 0 notifications, remaining in queue: 3
[2025-09-13 08:19:14.411] [DEBUG] [NotificationManager] Processed 0 notifications, remaining in queue: 3
[2025-09-13 08:19:14.465] [DEBUG] [NotificationManager] Processed 0 notifications, remaining in queue: 3
[2025-09-13 08:19:14.472] [DEBUG] [NotificationOverlay] Queue indicator clicked - showing queued notifications
[2025-09-13 08:19:14.511] [DEBUG] [NotificationManager] Processed 0 notifications, remaining in queue: 3
[2025-09-13 08:19:14.562] [DEBUG] [NotificationManager] Processed 0 notifications, remaining in queue: 3
[2025-09-13 08:19:14.612] [DEBUG] [NotificationManager] Processed 0 notifications, remaining in queue: 3
[2025-09-13 08:19:14.661] [DEBUG] [NotificationManager] Processed 0 notifications, remaining in queue: 3
[2025-09-13 08:19:14.712] [DEBUG] [NotificationManager] Processed 0 notifications, remaining in queue: 3
[2025-09-13 08:19:14.762] [DEBUG] [NotificationManager] Processed 0 notifications, remaining in queue: 3
[2025-09-13 08:19:14.812] [DEBUG] [NotificationManager] Processed 0 notifications, remaining in queue: 3
[2025-09-13 08:19:14.847] [DEBUG] [NotificationOverlay] Queue indicator clicked - showing queued notifications
[2025-09-13 08:19:14.861] [DEBUG] [NotificationManager] Processed 0 notifications, remaining in queue: 3
[2025-09-13 08:19:14.913] [DEBUG] [NotificationManager] Processed 0 notifications, remaining in queue: 3
[2025-09-13 08:19:14.963] [DEBUG] [NotificationManager] Processed 0 notifications, remaining in queue: 3
[2025-09-13 08:19:15.012] [DEBUG] [NotificationManager] Processed 0 notifications, remaining in queue: 3
[2025-09-13 08:19:15.063] [DEBUG] [NotificationManager] Processed 0 notifications, remaining in queue: 3
[2025-09-13 08:19:15.087] [DEBUG] [NotificationOverlay] Queue indicator clicked - showing queued notifications
[2025-09-13 08:19:15.112] [DEBUG] [NotificationManager] Processed 0 notifications, remaining in queue: 3
[2025-09-13 08:19:15.162] [DEBUG] [NotificationManager] Processed 0 notifications, remaining in queue: 3
[2025-09-13 08:19:15.211] [DEBUG] [NotificationManager] Processed 0 notifications, remaining in queue: 3
[2025-09-13 08:19:15.265] [DEBUG] [NotificationManager] Processed 0 notifications, remaining in queue: 3
[2025-09-13 08:19:15.305] [DEBUG] [NotificationOverlay] Queue indicator clicked - showing queued notifications
[2025-09-13 08:19:15.311] [DEBUG] [NotificationManager] Processed 0 notifications, remaining in queue: 3
[2025-09-13 08:19:15.365] [DEBUG] [NotificationManager] Processed 0 notifications, remaining in queue: 3
[2025-09-13 08:19:15.409] [DEBUG] [NotificationOverlay] Notification hover exited
[2025-09-13 08:19:15.413] [DEBUG] [NotificationManager] Processed 0 notifications, remaining in queue: 3
[2025-09-13 08:19:15.462] [DEBUG] [NotificationManager] Processed 0 notifications, remaining in queue: 3
[2025-09-13 08:19:15.512] [DEBUG] [NotificationManager] Processed 0 notifications, remaining in queue: 3
[2025-09-13 08:19:15.563] [DEBUG] [NotificationManager] Processed 0 notifications, remaining in queue: 3
[2025-09-13 08:19:15.612] [DEBUG] [NotificationManager] Processed 0 notifications, remaining in queue: 3
[2025-09-13 08:19:15.661] [DEBUG] [NotificationManager] Processed 0 notifications, remaining in queue: 3
[2025-09-13 08:19:15.712] [DEBUG] [NotificationManager] Processed 0 notifications, remaining in queue: 3
[2025-09-13 08:19:15.762] [DEBUG] [NotificationManager] Processed 0 notifications, remaining in queue: 3
[2025-09-13 08:19:15.812] [DEBUG] [NotificationManager] Processed 0 notifications, remaining in queue: 3